"D:/CppProject/GloryOfTheKing/Content/TopDownCPP/TopDownOverview.uasset" 0
"../../../Engine/Content/Functions/Engine_MaterialFunctions01/Density/ExponentialDensity.uasset" 1
"../../../Engine/Content/Functions/Engine_MaterialFunctions01/Gradient/RadialGradientExponential.uasset" 2
"D:/CppProject/GloryOfTheKing/Content/TopDownCPP/Blueprints/M_Cursor_Decal.uasset" 3
"D:/CppProject/GloryOfTheKing/Content/TopDownCPP/Blueprints/BP_CameraViewPoint.uasset" 4
"D:/CppProject/GloryOfTheKing/Content/ModularRPGHeroesPolyart/Meshes/UE4_Mannequin_Skeleton.uasset" 5
"D:/CppProject/GloryOfTheKing/Content/ModularRPGHeroesPolyart/Animations/NoWeaponStance/BattleWalk_noWeaponAnim.uasset" 6
"D:/CppProject/GloryOfTheKing/Content/InfinityBladeWeapons/Weapons/Blade/Swords/Blade_BlackKnight/T_Blade_BlackKnight_Sword1_D.uasset" 7
"D:/CppProject/GloryOfTheKing/Content/InfinityBladeWeapons/Weapons/Blade/Swords/Blade_BlackKnight/T_Blade_BlackKnight_Sword1_M.uasset" 8
"D:/CppProject/GloryOfTheKing/Content/InfinityBladeWeapons/Weapons/Blade/Swords/Blade_BlackKnight/T_Blade_BlackKnight_Sword1_N.uasset" 9
"D:/CppProject/GloryOfTheKing/Content/InfinityBladeWeapons/Weapons/Blade/Swords/Blade_BlackKnight/T_Blade_BlackKnight_Sword2_D.uasset" 10
"D:/CppProject/GloryOfTheKing/Content/InfinityBladeWeapons/Weapons/Blade/Swords/Blade_BlackKnight/T_Blade_BlackKnight_Sword2_M.uasset" 11
"D:/CppProject/GloryOfTheKing/Content/InfinityBladeWeapons/Weapons/Blade/Swords/Blade_BlackKnight/T_Blade_BlackKnight_Sword2_N.uasset" 12
"D:/CppProject/GloryOfTheKing/Content/InfinityBladeWeapons/Weapons/Blade/Swords/Blade_BlackKnight/M_Blade_BlackKnight.uasset" 13
"D:/CppProject/GloryOfTheKing/Content/InfinityBladeWeapons/Weapons/Blade/Swords/Blade_BlackKnight/SK_Blade_BlackKnight_Skeleton.uasset" 14
"D:/CppProject/GloryOfTheKing/Content/InfinityBladeWeapons/Weapons/Blade/Swords/Blade_BlackKnight/SK_Blade_BlackKnight.uasset" 15
"D:/CppProject/GloryOfTheKing/Content/TopDownCPP/Blueprints/Weapon_Sword.uasset" 16
"../../../Engine/Content/EngineMaterials/FlatNormal.uasset" 17
"D:/CppProject/GloryOfTheKing/Content/InfinityBladeEffects/Effects/FX_Textures/Tile/T_Black_32.uasset" 18
"D:/CppProject/GloryOfTheKing/Content/InfinityBladeEffects/Effects/Masters/M_Trans_Sprite_Master_Surface.uasset" 19
"D:/CppProject/GloryOfTheKing/Content/InfinityBladeEffects/Effects/FX_Textures/Damage/T_cracks_01_N.uasset" 20
"D:/CppProject/GloryOfTheKing/Content/InfinityBladeEffects/Effects/FX_Textures/Damage/T_cracksFirey_01.uasset" 21
"D:/CppProject/GloryOfTheKing/Content/InfinityBladeEffects/Effects/FX_Materials/Damage/M_CrackedGround_Fire_01_INST.uasset" 22
"../../../Engine/Content/EngineResources/Black.uasset" 23
"D:/CppProject/GloryOfTheKing/Content/InfinityBladeEffects/Effects/Masters/M_Opaque_MeshEmit_Lit_Emis_Master.uasset" 24
"D:/CppProject/GloryOfTheKing/Content/InfinityBladeEffects/Environments/Env_Rocks/Textures/T_JaggedRock_01_D.uasset" 25
"D:/CppProject/GloryOfTheKing/Content/InfinityBladeEffects/Effects/FX_Materials/Env/M_Jagged_Rock_01_Lit_INST.uasset" 26
"D:/CppProject/GloryOfTheKing/Content/InfinityBladeEffects/Effects/Masters/M_Add_Sprite_SubUV_Master.uasset" 27
"D:/CppProject/GloryOfTheKing/Content/InfinityBladeEffects/Effects/FX_Textures/Fire/T_Fire_Sprite_01_5x5.uasset" 28
"D:/CppProject/GloryOfTheKing/Content/InfinityBladeEffects/Effects/FX_Materials/Fire/M_Fire_02_Add_5X5_INST.uasset" 29
"D:/CppProject/GloryOfTheKing/Content/InfinityBladeEffects/Effects/Masters/M_Add_Trail_2Sided_Pan_Master.uasset" 30
"D:/CppProject/GloryOfTheKing/Content/InfinityBladeEffects/Effects/FX_Textures/Fire/T_FireBlastTile.uasset" 31
"D:/CppProject/GloryOfTheKing/Content/InfinityBladeEffects/Effects/FX_Materials/Fire/M_Fire_Sheet_01_INST.uasset" 32
"D:/CppProject/GloryOfTheKing/Content/InfinityBladeEffects/Effects/Masters/M_Add_Sprite_Master.uasset" 33
"D:/CppProject/GloryOfTheKing/Content/InfinityBladeEffects/Effects/FX_Textures/Gradient/T_LightCone.uasset" 34
"D:/CppProject/GloryOfTheKing/Content/InfinityBladeEffects/Effects/FX_Materials/Gradient/M_Flare_Vertical_02_Inst.uasset" 35
"D:/CppProject/GloryOfTheKing/Content/InfinityBladeEffects/Effects/Masters/M_Opaque_MeshEmit_Emis_Master_Surface.uasset" 36
"D:/CppProject/GloryOfTheKing/Content/InfinityBladeEffects/Effects/FX_Textures/Ice/T_Ice_Shard_Tiled_D.uasset" 37
"D:/CppProject/GloryOfTheKing/Content/InfinityBladeEffects/Effects/FX_Textures/Ice/T_Ice_Shard_Tiled_N.uasset" 38
"D:/CppProject/GloryOfTheKing/Content/InfinityBladeEffects/Effects/FX_Materials/ICE/M_IceTrap_Shard_INST.uasset" 39
"D:/CppProject/GloryOfTheKing/Content/InfinityBladeEffects/Effects/Masters/M_Trans_Sprite_Master_DepthFade.uasset" 40
"D:/CppProject/GloryOfTheKing/Content/InfinityBladeEffects/Effects/FX_Textures/Liquid/T_bloodTest_4X6.uasset" 41
"D:/CppProject/GloryOfTheKing/Content/InfinityBladeEffects/Effects/FX_Materials/Liquid/M_Liquid_Spray_01_4X6_INST.uasset" 42
"D:/CppProject/GloryOfTheKing/Content/InfinityBladeEffects/Effects/FX_Textures/Gradient/T_BlastWave.uasset" 43
"D:/CppProject/GloryOfTheKing/Content/InfinityBladeEffects/Effects/FX_Materials/M_Shockwave_01_ADD_INST.uasset" 44
"D:/CppProject/GloryOfTheKing/Content/InfinityBladeEffects/Effects/FX_Textures/Smoke/T_SmokeBall_01_8_8.uasset" 45
"D:/CppProject/GloryOfTheKing/Content/InfinityBladeEffects/Effects/FX_Materials/Smoke/M_Smoke_01_8X8_INST.uasset" 46
"D:/CppProject/GloryOfTheKing/Content/InfinityBladeEffects/Effects/FX_Textures/Smoke/T_smokeSingle_01.uasset" 47
"D:/CppProject/GloryOfTheKing/Content/InfinityBladeEffects/Effects/FX_Materials/Smoke/M_Smoke_03_Wispy_Trans_INST.uasset" 48
"D:/CppProject/GloryOfTheKing/Content/InfinityBladeEffects/Effects/FX_Textures/Spark/T_Sparks_04_SubUV_1_4.uasset" 49
"D:/CppProject/GloryOfTheKing/Content/InfinityBladeEffects/Effects/FX_Materials/Spark/M_Spark_04_SubUV_1_4_INST.uasset" 50
"D:/CppProject/GloryOfTheKing/Content/InfinityBladeEffects/Effects/FX_Meshes/ICE/SM_IceShard_06.uasset" 51
"D:/CppProject/GloryOfTheKing/Content/InfinityBladeEffects/Effects/FX_Meshes/Skills/rock/SM_Rock_Circle_01.uasset" 52
"D:/CppProject/GloryOfTheKing/Content/InfinityBladeEffects/Effects/FX_Meshes/Skills/SM_BlastWave.uasset" 53
"D:/CppProject/GloryOfTheKing/Content/InfinityBladeEffects/Effects/FX_Meshes/Skills/SM_FireBlastMesh.uasset" 54
"D:/CppProject/GloryOfTheKing/Content/InfinityBladeEffects/Effects/FX_Skill_RockBurst/P_RBurst_Fire_Eruption_01.uasset" 55
"D:/CppProject/GloryOfTheKing/Content/InfinityBladeEffects/Effects/Masters/M_Trans_Sprite_Master.uasset" 56
"D:/CppProject/GloryOfTheKing/Content/InfinityBladeEffects/Effects/FX_Textures/Damage/T_Cracks_Impact_01.uasset" 57
"D:/CppProject/GloryOfTheKing/Content/InfinityBladeEffects/Effects/FX_Materials/Damage/M_CrackedGround_Impact_01_INST.uasset" 58
"D:/CppProject/GloryOfTheKing/Content/InfinityBladeEffects/Effects/Masters/M_Add_Sprite_Master_DepthFade.uasset" 59
"D:/CppProject/GloryOfTheKing/Content/InfinityBladeEffects/Effects/FX_Textures/Gradient/T_starFlare_01.uasset" 60
"D:/CppProject/GloryOfTheKing/Content/InfinityBladeEffects/Effects/FX_Materials/Gradient/M_Flare_01_INST.uasset" 61
"D:/CppProject/GloryOfTheKing/Content/InfinityBladeEffects/Effects/Masters/M_Trans_Sprite_SubUV_Master.uasset" 62
"D:/CppProject/GloryOfTheKing/Content/InfinityBladeEffects/Effects/FX_Textures/Lightning/T_Lightning_Arc_4x1.uasset" 63
"D:/CppProject/GloryOfTheKing/Content/InfinityBladeEffects/Effects/FX_Materials/Lightning/M_Lightning_Arc_01_Trans_4X1_INST.uasset" 64
"D:/CppProject/GloryOfTheKing/Content/InfinityBladeEffects/Effects/FX_Textures/Lightning/T_Lightning_Bolt_01.uasset" 65
"D:/CppProject/GloryOfTheKing/Content/InfinityBladeEffects/Effects/FX_Materials/Lightning/M_Lightning_Bolt_01_Add_4X1_INST.uasset" 66
"D:/CppProject/GloryOfTheKing/Content/InfinityBladeEffects/Effects/FX_Textures/Spark/T_Sparks_03_SubUV_1_4.uasset" 67
"D:/CppProject/GloryOfTheKing/Content/InfinityBladeEffects/Effects/FX_Materials/Spark/M_Spark_03_1_4_INST.uasset" 68
"D:/CppProject/GloryOfTheKing/Content/InfinityBladeEffects/Effects/FX_Skill_TeleCharge/P_Skill_Telecharge_Shock_Impact_03.uasset" 69
"D:/CppProject/GloryOfTheKing/Content/jineng/20180521165835556.uasset" 70
"D:/CppProject/GloryOfTheKing/Content/jineng/fazhen.uasset" 71
"D:/CppProject/GloryOfTheKing/Content/jineng/P_fazhen.uasset" 72
"D:/CppProject/GloryOfTheKing/Content/ModularRPGHeroesPolyart/Textures/PolyArtTex.uasset" 73
"D:/CppProject/GloryOfTheKing/Content/ModularRPGHeroesPolyart/Materials/PolyartMat.uasset" 74
"D:/CppProject/GloryOfTheKing/Content/ModularRPGHeroesPolyart/Meshes/RPGHeroes_PhysicsAsset.uasset" 75
"D:/CppProject/GloryOfTheKing/Content/ModularRPGHeroesPolyart/Meshes/OneMeshCharacters/WarriorSK.uasset" 76
"D:/CppProject/GloryOfTheKing/Content/Enemy/BP_Enemy.uasset" 77
"D:/CppProject/GloryOfTheKing/Content/ModularRPGHeroesPolyart/Meshes/OneMeshCharacters/IronMaskSK.uasset" 78
"D:/CppProject/GloryOfTheKing/Content/TopDownCPP/Blueprints/TinyHero_1.uasset" 79
"D:/CppProject/GloryOfTheKing/Content/ModularRPGHeroesPolyart/Animations/BowStance/Attack01_BowAnim.uasset" 80
"D:/CppProject/GloryOfTheKing/Content/ModularRPGHeroesPolyart/Animations/BowStance/Die_BowAnim.uasset" 81
"D:/CppProject/GloryOfTheKing/Content/ModularRPGHeroesPolyart/Animations/BowStance/Victory_BowAnim.uasset" 82
"D:/CppProject/GloryOfTheKing/Content/ModularRPGHeroesPolyart/Animations/DoubleSwordStance/Combo03_DoubleSwordAnim.uasset" 83
"D:/CppProject/GloryOfTheKing/Content/ModularRPGHeroesPolyart/Animations/SwordAndShieldStance/Combo01_SwordShieldAnim.uasset" 84
"D:/CppProject/GloryOfTheKing/Content/ModularRPGHeroesPolyart/Animations/NoWeaponStance/Idle_noWeaponAnim.uasset" 85
"D:/CppProject/GloryOfTheKing/Content/ModularRPGHeroesPolyart/Animations/NoWeaponStance/NormalRun_noWeaponAnim.uasset" 86
"D:/CppProject/GloryOfTheKing/Content/ModularRPGHeroesPolyart/Animations/NoWeaponStance/NormalWalk_noWeaponAnim.uasset" 87
"D:/CppProject/GloryOfTheKing/Content/TopDownCPP/Blueprints/TopDown_BlendSpace.uasset" 88
"../../../Engine/Content/EditorBlueprintResources/StandardMacros.uasset" 89
"D:/CppProject/GloryOfTheKing/Content/TopDownCPP/Blueprints/TopDownAB_1.uasset" 90
"../../../Engine/Content/Functions/Engine_MaterialFunctions01/Gradient/LinearGradient.uasset" 91
"../../../Engine/Content/Functions/Engine_MaterialFunctions01/ImageAdjustment/CheapContrast.uasset" 92
"D:/CppProject/GloryOfTheKing/Content/Platformer/Textures/pl_wood_d.uasset" 93
"D:/CppProject/GloryOfTheKing/Content/Platformer/Textures/pl_wood_n.uasset" 94
"D:/CppProject/GloryOfTheKing/Content/Platformer/Textures/pl_wood_r.uasset" 95
"D:/CppProject/GloryOfTheKing/Content/Platformer/Materials/M_Wood_Dark_Parent.uasset" 96
"D:/CppProject/GloryOfTheKing/Content/Platformer/Materials/M_Wood_Yellow_Instance.uasset" 97
"D:/CppProject/GloryOfTheKing/Content/ModularRPGHeroesPolyart/Meshes/Weapons/Arrow01SM.uasset" 98
"D:/CppProject/GloryOfTheKing/Content/TopDownCPP/Blueprints/Feijian.uasset" 99
"D:/CppProject/GloryOfTheKing/Content/StarterContent/Textures/T_Shelf_M.uasset" 100
"D:/CppProject/GloryOfTheKing/Content/StarterContent/Textures/T_Shelf_N.uasset" 101
"D:/CppProject/GloryOfTheKing/Content/StarterContent/Props/Materials/M_Shelf.uasset" 102
"../../../Engine/Content/Functions/Engine_MaterialFunctions01/Opacity/CameraDepthFade.uasset" 103
"../../../Engine/Content/EngineMaterials/T_Default_Material_Grid_M.uasset" 104
"../../../Engine/Content/EngineMaterials/T_Default_Material_Grid_N.uasset" 105
"../../../Engine/Content/EngineMaterials/WorldGridMaterial.uasset" 106
"D:/CppProject/GloryOfTheKing/Content/StarterContent/Props/MaterialSphere.uasset" 107
"D:/CppProject/GloryOfTheKing/Content/TopDownCPP/Blueprints/Boom.uasset" 108
"D:/CppProject/GloryOfTheKing/Content/InfinityBladeEffects/Effects/FX_Textures/Glyph/T_HealHeart_02.uasset" 109
"D:/CppProject/GloryOfTheKing/Content/InfinityBladeEffects/Effects/FX_Materials/Glyph/M_Heart_01_INST.uasset" 110
"D:/CppProject/GloryOfTheKing/Content/InfinityBladeEffects/Effects/FX_Textures/Gradient/T_starFlare_02.uasset" 111
"D:/CppProject/GloryOfTheKing/Content/InfinityBladeEffects/Effects/FX_Materials/Gradient/M_Flare_02_INST.uasset" 112
"D:/CppProject/GloryOfTheKing/Content/InfinityBladeEffects/Effects/FX_Textures/Gradient/T_SoftFallOff.uasset" 113
"D:/CppProject/GloryOfTheKing/Content/InfinityBladeEffects/Effects/FX_Materials/Gradient/M_Flare_03_INST.uasset" 114
"D:/CppProject/GloryOfTheKing/Content/InfinityBladeEffects/Effects/FX_Textures/Gradient/T_Vertical_Glow.uasset" 115
"D:/CppProject/GloryOfTheKing/Content/InfinityBladeEffects/Effects/FX_Materials/Gradient/M_Glow_Vertical_INST.uasset" 116
"D:/CppProject/GloryOfTheKing/Content/InfinityBladeEffects/Effects/FX_Textures/Gradient/T_GlowNoise_01.uasset" 117
"D:/CppProject/GloryOfTheKing/Content/InfinityBladeEffects/Effects/FX_Materials/M_Shockwave_03_Add_INST.uasset" 118
"D:/CppProject/GloryOfTheKing/Content/InfinityBladeEffects/Effects/FX_Ability/Heal/P_Heal_LongDistance_Start.uasset" 119
"D:/CppProject/GloryOfTheKing/Content/InfinityBladeEffects/Effects/FX_Textures/Noise/T_Tile_Noise_Tendril_01.uasset" 120
"D:/CppProject/GloryOfTheKing/Content/InfinityBladeEffects/Effects/FX_Materials/Mobile/M_Tile_Noise_Tendril_01.uasset" 121
"D:/CppProject/GloryOfTheKing/Content/InfinityBladeEffects/Effects/FX_Textures/Damage/T_cracksIcey_01.uasset" 122
"D:/CppProject/GloryOfTheKing/Content/InfinityBladeEffects/Effects/FX_Materials/Damage/M_CrackedGround_Ice_01_INST.uasset" 123
"D:/CppProject/GloryOfTheKing/Content/InfinityBladeEffects/Effects/FX_Textures/Gradient/FX_Glow_12alpha.uasset" 124
"D:/CppProject/GloryOfTheKing/Content/InfinityBladeEffects/Effects/FX_Materials/Gradient/M_Flare_09_Inst.uasset" 125
"D:/CppProject/GloryOfTheKing/Content/InfinityBladeEffects/Effects/FX_Skill_Aura/P_Aura_Ice_Shatter_01.uasset" 126
"D:/CppProject/GloryOfTheKing/Content/InfinityBladeEffects/Effects/Masters/M_Trans_MeshEmit_2Sided_Pan_Mask_Master.uasset" 127
"D:/CppProject/GloryOfTheKing/Content/InfinityBladeEffects/Effects/FX_Materials/Noise/M_Tile_Noise_Tendril_01_INST.uasset" 128
"D:/CppProject/GloryOfTheKing/Content/InfinityBladeEffects/Effects/OLD/Effects/FX_Materials/Env/M_Jagged_Rock_01_Lit_INST.uasset" 129
"D:/CppProject/GloryOfTheKing/Content/InfinityBladeEffects/Effects/FX_Meshes/Skills/rock/SM_Rock_Circle_02.uasset" 130
"D:/CppProject/GloryOfTheKing/Content/InfinityBladeEffects/Effects/FX_Meshes/Skills/SM_AuraCircle_03.uasset" 131
"D:/CppProject/GloryOfTheKing/Content/InfinityBladeEffects/Effects/FX_Skill_RockBurst/P_RBurst_Fire_Burst_Stalag_01.uasset" 132
"D:/CppProject/GloryOfTheKing/Content/ModularRPGHeroesPolyart/Meshes/OneMeshCharacters/DukeSK.uasset" 133
"D:/CppProject/GloryOfTheKing/Content/ScifiParticlePack/Materials/M_barUp.uasset" 134
"D:/CppProject/GloryOfTheKing/Content/ScifiParticlePack/Materials/M_blob.uasset" 135
"D:/CppProject/GloryOfTheKing/Content/ScifiParticlePack/Materials/M_box.uasset" 136
"D:/CppProject/GloryOfTheKing/Content/ScifiParticlePack/Materials/M_bar.uasset" 137
"D:/CppProject/GloryOfTheKing/Content/ScifiParticlePack/Meshes/mesh_ring.uasset" 138
"D:/CppProject/GloryOfTheKing/Content/ScifiParticlePack/Particles/P_LightColumn.uasset" 139
"D:/CppProject/GloryOfTheKing/Content/TopDownCPP/Blueprints/TopDownCharacter.uasset" 140
"D:/CppProject/GloryOfTheKing/Content/TopDownCPP/Blueprints/BP_MyGameMode.uasset" 141
"D:/CppProject/GloryOfTheKing/Content/artist/btn_A_g0.uasset" 142
"D:/CppProject/GloryOfTheKing/Content/artist/btn_A_i1.uasset" 143
"D:/CppProject/GloryOfTheKing/Content/TopDownCPP/Blueprints/WBP_TowerHealth.uasset" 144
"../../../Engine/Content/Animation/DefaultAnimCurveCompressionSettings.uasset" 145
"../../../Engine/Content/ArtTools/RenderToTexture/Meshes/S_1_Unit_Plane.uasset" 146
"../../../Engine/Content/EngineMaterials/DefaultMaterial.uasset" 147
"../../../Engine/Content/BasicShapes/Cone.uasset" 148
"../../../Engine/Content/BasicShapes/Cube.uasset" 149
"../../../Engine/Content/BasicShapes/Cylinder.uasset" 150
"../../../Engine/Content/BasicShapes/Plane.uasset" 151
"../../../Engine/Content/BasicShapes/Sphere.uasset" 152
"../../../Engine/Content/EditorLandscapeResources/DataLayer.uasset" 153
"../../../Engine/Content/EditorMaterials/GizmoMaterial.uasset" 154
"../../../Engine/Content/EditorMaterials/MAT_Groups_Toggle.uasset" 155
"../../../Engine/Content/EditorMaterials/MAT_Groups_Visibility.uasset" 156
"../../../Engine/Content/EditorMaterials/PreviewShadowIndicator.uasset" 157
"../../../Engine/Content/EditorMaterials/PreviewShadowIndicatorMaterial.uasset" 158
"../../../Engine/Content/EditorMaterials/MatineeGroups/MAT_ColorTrack.uasset" 159
"../../../Engine/Content/EditorMaterials/MatineeGroups/MAT_Groups_Anim.uasset" 160
"../../../Engine/Content/EditorMaterials/MatineeGroups/MAT_Groups_AudioMaster.uasset" 161
"../../../Engine/Content/EditorMaterials/MatineeGroups/MAT_Groups_Director.uasset" 162
"../../../Engine/Content/EditorMaterials/MatineeGroups/MAT_Groups_Event.uasset" 163
"../../../Engine/Content/EditorMaterials/MatineeGroups/MAT_Groups_Fade.uasset" 164
"../../../Engine/Content/EditorMaterials/MatineeGroups/MAT_Groups_Float.uasset" 165
"../../../Engine/Content/EditorMaterials/MatineeGroups/MAT_Groups_Move.uasset" 166
"../../../Engine/Content/EditorMaterials/MatineeGroups/MAT_Groups_Slomo.uasset" 167
"../../../Engine/Content/EditorMaterials/MatineeGroups/MAT_Groups_Sound.uasset" 168
"../../../Engine/Content/EditorMaterials/MatineeGroups/MAT_Groups_Vector.uasset" 169
"../../../Engine/Content/EditorMaterials/ParticleSystems/PSysThumbnail_NoImage.uasset" 170
"../../../Engine/Content/EditorMaterials/ParticleSystems/PSysThumbnail_OOD.uasset" 171
"../../../Engine/Content/EditorMaterials/Camera/CineMat.uasset" 172
"../../../Engine/Content/EditorMaterials/Camera/MI_CineMat_Rig.uasset" 173
"../../../Engine/Content/EditorMeshes/Camera/SM_CraneRig_Arm.uasset" 174
"../../../Engine/Content/EditorMeshes/Camera/SM_CraneRig_Base.uasset" 175
"../../../Engine/Content/EditorMeshes/Camera/SM_CraneRig_Body.uasset" 176
"../../../Engine/Content/EditorMeshes/Camera/SM_CraneRig_Mount.uasset" 177
"../../../Engine/Content/EditorMeshes/Camera/SM_RailRig_Mount.uasset" 178
"../../../Engine/Content/EditorMeshes/Camera/SM_RailRig_Track.uasset" 179
"../../../Engine/Content/EditorResources/BSPVertex.uasset" 180
"../../../Engine/Content/EditorResources/EmptyActor.uasset" 181
"../../../Engine/Content/EditorResources/S_Actor.uasset" 182
"../../../Engine/Content/EditorResources/S_Note.uasset" 183
"../../../Engine/Content/EditorResources/S_Trigger.uasset" 184
"../../../Engine/Content/EditorResources/LightIcons/S_LightError.uasset" 185
"../../../Engine/Content/EditorResources/SequenceRecorder/Countdown.uasset" 186
"../../../Engine/Content/EditorResources/SequenceRecorder/RecordingIndicator.uasset" 187
"../../../Engine/Content/EditorSounds/Notifications/CompileFailed.uasset" 188
"../../../Engine/Content/EditorSounds/Notifications/CompileFailed_Cue.uasset" 189
"../../../Engine/Content/EditorSounds/Notifications/CompileSuccess.uasset" 190
"../../../Engine/Content/EditorSounds/Notifications/CompileStart_Cue.uasset" 191
"../../../Engine/Content/EditorSounds/Notifications/CompileSuccess_Cue.uasset" 192
"../../../Engine/Content/EngineDamageTypes/DmgTypeBP_Environmental.uasset" 193
"../../../Engine/Content/EngineDebugMaterials/HeatmapGradient.uasset" 194
"../../../Engine/Content/EngineDebugMaterials/BoneWeightMaterial.uasset" 195
"../../../Engine/Content/EngineDebugMaterials/ClothMaterial.uasset" 196
"../../../Engine/Content/EngineDebugMaterials/ClothMaterial_WF.uasset" 197
"../../../Engine/Content/EngineDebugMaterials/DebugEditorMaterial.uasset" 198
"../../../Engine/Content/EngineDebugMaterials/DebugMeshMaterial.uasset" 199
"../../../Engine/Content/EngineDebugMaterials/GeomMaterial.uasset" 200
"../../../Engine/Content/EngineDebugMaterials/M_SimpleTranslucent.uasset" 201
"../../../Engine/Content/EngineFonts/Faces/RobotoBold.uasset" 202
"../../../Engine/Content/EngineFonts/Faces/RobotoBoldItalic.uasset" 203
"../../../Engine/Content/EngineFonts/Faces/RobotoItalic.uasset" 204
"../../../Engine/Content/EngineFonts/Faces/RobotoLight.uasset" 205
"../../../Engine/Content/EngineFonts/Faces/RobotoRegular.uasset" 206
"../../../Engine/Content/EngineFonts/Roboto.uasset" 207
"../../../Engine/Content/EngineFonts/Faces/RobotoTiny.uasset" 208
"../../../Engine/Content/EngineFonts/RobotoTiny.uasset" 209
"../../../Engine/Content/EngineMaterials/BaseFlattenDiffuseMap.uasset" 210
"../../../Engine/Content/EngineMaterials/BaseFlattenEmissiveMap.uasset" 211
"../../../Engine/Content/EngineMaterials/BaseFlattenGrayscaleMap.uasset" 212
"../../../Engine/Content/EngineMaterials/BaseFlattenNormalMap.uasset" 213
"../../../Engine/Content/EngineMaterials/BaseFlattenMaterial.uasset" 214
"../../../Engine/Content/EngineMaterials/DefaultBloomKernel.uasset" 215
"../../../Engine/Content/EngineMaterials/DefaultBokeh.uasset" 216
"../../../Engine/Content/EngineMaterials/DefaultDiffuse.uasset" 217
"../../../Engine/Content/EngineMaterials/DefaultDeferredDecalMaterial.uasset" 218
"../../../Engine/Content/EngineMaterials/DefaultLightFunctionMaterial.uasset" 219
"../../../Engine/Content/EngineMaterials/DefaultPhysicalMaterial.uasset" 220
"../../../Engine/Content/Functions/Engine_MaterialFunctions02/Utility/BreakOutFloat2Components.uasset" 221
"../../../Engine/Content/EngineMaterials/DefaultPostProcessMaterial.uasset" 222
"../../../Engine/Content/EngineFonts/RobotoDistanceField.uasset" 223
"../../../Engine/Content/EngineMaterials/DefaultTextMaterialOpaque.uasset" 224
"../../../Engine/Content/EngineMaterials/DefaultWhiteGrid.uasset" 225
"../../../Engine/Content/EngineMaterials/EditorBrushMaterial.uasset" 226
"../../../Engine/Content/EngineMaterials/Good64x64TilingNoiseHighFreq.uasset" 227
"../../../Engine/Content/EngineMaterials/MiniFont.uasset" 228
"../../../Engine/Content/EngineMaterials/InvalidLightmapSettings.uasset" 229
"../../../Engine/Content/EngineMaterials/M_InvalidLightmapSettings.uasset" 230
"../../../Engine/Content/Functions/Engine_MaterialFunctions02/WorldPositionOffset/CameraOffset.uasset" 231
"../../../Engine/Content/EngineMaterials/PhAT_JointLimitMaterial.uasset" 232
"../../../Engine/Content/EngineMaterials/PreintegratedSkinBRDF.uasset" 233
"../../../Engine/Content/EngineMaterials/RemoveSurfaceMaterial.uasset" 234
"../../../Engine/Content/EngineMaterials/WeightMapPlaceholderTexture.uasset" 235
"../../../Engine/Content/EngineResources/WhiteSquareTexture.uasset" 236
"../../../Engine/Content/EngineMaterials/Widget3DPassThrough.uasset" 237
"../../../Engine/Content/EngineMaterials/Widget3DPassThrough_Masked.uasset" 238
"../../../Engine/Content/EngineMaterials/Widget3DPassThrough_Opaque.uasset" 239
"../../../Engine/Content/EngineMaterials/Widget3DPassThrough_Masked_OneSided.uasset" 240
"../../../Engine/Content/EngineMaterials/Widget3DPassThrough_Opaque_OneSided.uasset" 241
"../../../Engine/Content/EngineMaterials/Widget3DPassThrough_Translucent.uasset" 242
"../../../Engine/Content/EngineMaterials/Widget3DPassThrough_Translucent_OneSided.uasset" 243
"../../../Engine/Content/EngineMeshes/Cylinder.uasset" 244
"../../../Engine/Content/EngineMeshes/Sphere.uasset" 245
"../../../Engine/Content/EngineResources/DefaultTexture.uasset" 246
"../../../Engine/Content/EngineResources/DefaultTextureCube.uasset" 247
"../../../Engine/Content/EngineResources/DefaultVolumeTexture2D.uasset" 248
"../../../Engine/Content/EngineResources/DefaultVolumeTexture.uasset" 249
"../../../Engine/Content/EngineResources/GradientTexture0.uasset" 250
"../../../Engine/Content/EngineSounds/Master.uasset" 251
"../../../Engine/Content/Functions/Engine_MaterialFunctions01/Shading/ConvertFromDiffSpec.uasset" 252
"../../../Engine/Content/Functions/Engine_MaterialFunctions01/Shading/PowerToRoughness.uasset" 253
"../../../Engine/Content/Maps/Templates/Thumbnails/Default.uasset" 254
"../../../Engine/Content/Maps/Templates/Thumbnails/VR-Basic.uasset" 255
"../../../Engine/Content/MobileResources/T_MobileControls_texture.uasset" 256
"../../../Engine/Content/MobileResources/T_MobileMenu2.uasset" 257
"../../../Engine/Content/MobileResources/HUD/AnalogHat.uasset" 258
"../../../Engine/Content/MobileResources/HUD/VirtualJoystick_Background.uasset" 259
"../../../Engine/Content/MobileResources/HUD/VirtualJoystick_Thumb.uasset" 260
"../../../Engine/Content/MobileResources/HUD/DefaultVirtualJoysticks.uasset" 261
"../../../Engine/Content/MobileResources/HUD/LeftVirtualJoystickOnly.uasset" 262
"../../../Engine/Content/MobileResources/HUD/MobileHUDButton1_off.uasset" 263
"../../../Engine/Content/MobileResources/HUD/MobileHUDButton1_on.uasset" 264
"../../../Engine/Content/MobileResources/HUD/MobileHUDButton2_off.uasset" 265
"../../../Engine/Content/MobileResources/HUD/MobileHUDButton2_on.uasset" 266
"../../../Engine/Content/MobileResources/HUD/MobileHUDButton3.uasset" 267
"../../../Engine/Content/MobileResources/HUD/MobileHUDButtonFire.uasset" 268
"../../../Engine/Content/MobileResources/HUD/MobileHUDDirectionPad.uasset" 269
"../../../Engine/Content/MobileResources/HUD/MobileHUDDirectionPad2.uasset" 270
"../../../Engine/Content/MobileResources/HUD/MobileHUDDirectionPad3.uasset" 271
"../../../Engine/Content/MobileResources/HUD/MobileHUDDirectionStick.uasset" 272
"../../../Engine/Content/MobileResources/HUD/T_Castle_ThumbstickInner.uasset" 273
"../../../Engine/Content/MobileResources/HUD/T_Castle_ThumbstickOutter.uasset" 274
"../../../Engine/Content/Tutorial/ContentIntroCurve.uasset" 275
"../../../Engine/Content/Tutorial/Basics/LevelEditorAttract.uasset" 276
"../../../Engine/Content/Tutorial/Basics/TutorialAssets/icon_tab_Levels_40x.uasset" 277
"../../../Engine/Content/Tutorial/Basics/LevelEditorOverview.uasset" 278
"../../../Engine/Content/Tutorial/BlueprintTutorials/TutorialAssets/Blueprint_64x.uasset" 279
"../../../Engine/Content/Tutorial/BlueprintTutorials/BlueprintEditorTutorial.uasset" 280
"../../../Engine/Content/Tutorial/BlueprintTutorials/LevelBlueprintEditorOverview.uasset" 281
"../../../Engine/Content/Tutorial/Code/AddingCode.uasset" 282
"../../../Engine/Content/VREditor/LaserPointer/VR_LaserPower_01.uasset" 283
"../../../Engine/Content/VREditor/TransformGizmo/TransformGizmoMaterial.uasset" 284
"../../../Engine/Content/VREditor/TransformGizmo/TranslucentTransformGizmoMaterial.uasset" 285
"../../../Engine/Content/VREditor/TransformGizmo/BoundingBoxCorner.uasset" 286
"../../../Engine/Content/VREditor/TransformGizmo/BoundingBoxEdge.uasset" 287
"../../../Engine/Content/VREditor/TransformGizmo/PlaneTranslationHandle.uasset" 288
"../../../Engine/Content/VREditor/TransformGizmo/Main.uasset" 289
"../../../Engine/Content/VREditor/TransformGizmo/Xray.uasset" 290
"../../../Engine/Content/VREditor/TransformGizmo/SM_Sequencer_Key.uasset" 291
"../../../Engine/Content/VREditor/TransformGizmo/SM_Sequencer_Node.uasset" 292
"../../Plugins/2D/Paper2D/Content/PlaceholderTextures/DummySpriteTexture.uasset" 293
"../../Plugins/2D/Paper2D/Content/DummySprite.uasset" 294
"../../Plugins/2D/Paper2D/Content/DefaultPaperTerrainMaterial.uasset" 295
"../../Plugins/2D/Paper2D/Content/DummySpriteTexture.uasset" 296
"../../Plugins/2D/Paper2D/Content/DefaultSpriteMaterial.uasset" 297
"../../Plugins/2D/Paper2D/Content/MaskedUnlitSpriteMaterial.uasset" 298
"../../Plugins/2D/Paper2D/Content/OpaqueUnlitSpriteMaterial.uasset" 299
"../../Plugins/Runtime/Oculus/OculusVR/Content/OculusMR_RenderTarget.uasset" 300
"../../../Engine/Content/Functions/Engine_MaterialFunctions02/Utility/BreakOutFloat4Components.uasset" 301
"../../../Engine/Content/Functions/Engine_MaterialFunctions02/Utility/MakeFloat2.uasset" 302
"../../../Engine/Content/Functions/Engine_MaterialFunctions02/Utility/MakeFloat3.uasset" 303
"../../Plugins/Runtime/Oculus/OculusVR/Content/Materials/OculusMR_ChromaKey.uasset" 304
"../../Plugins/Runtime/Oculus/OculusVR/Content/Materials/OculusMR_ChromaKey_Lit.uasset" 305
"../../Plugins/Runtime/Oculus/OculusVR/Content/Materials/OculusMR_OpaqueColoredMaterial.uasset" 306
"../../Plugins/Runtime/Oculus/OculusVR/Content/Materials/OculusMR_WhiteMaterial.uasset" 307
"../../Plugins/Runtime/Oculus/OculusVR/Content/Materials/PokeAHoleMaterial.uasset" 308
"../../Plugins/Runtime/Oculus/OculusVR/Content/Textures/GearVRController_AO.uasset" 309
"../../Plugins/Runtime/Oculus/OculusVR/Content/Textures/GearVRController_Color.uasset" 310
"../../Plugins/Runtime/Oculus/OculusVR/Content/Textures/GearVRController_Normal.uasset" 311
"../../Plugins/Runtime/Oculus/OculusVR/Content/Materials/GearVRControllerMaterial.uasset" 312
"../../Plugins/Runtime/Oculus/OculusVR/Content/Meshes/GearVrController.uasset" 313
"../../Plugins/Runtime/Oculus/OculusVR/Content/Textures/touchController_albedo.uasset" 314
"../../Plugins/Runtime/Oculus/OculusVR/Content/Textures/touchController_controlmap.uasset" 315
"../../Plugins/Runtime/Oculus/OculusVR/Content/Materials/touchController_mat.uasset" 316
"../../Plugins/Runtime/Oculus/OculusVR/Content/Meshes/LeftTouchController.uasset" 317
"../../Plugins/Runtime/Oculus/OculusVR/Content/Meshes/RiftHMD.uasset" 318
"../../Plugins/Runtime/Oculus/OculusVR/Content/Meshes/RightTouchController.uasset" 319
"D:/CppProject/GloryOfTheKing/Content/ModularRPGHeroesPolyart/Meshes/OneMeshCharacters/KnightSK.uasset" 320
"D:/CppProject/GloryOfTheKing/Content/TopDownCPP/Blueprints/Awayhero.uasset" 321
"D:/CppProject/GloryOfTheKing/Content/TopDownCPP/Blueprints/BoomCar.uasset" 322
"D:/CppProject/GloryOfTheKing/Content/yeguai/M_MOUNTAIN_DRAGON.uasset" 323
"D:/CppProject/GloryOfTheKing/Content/yeguai/SK_MOUNTAIN_DRAGON.uasset" 324
"D:/CppProject/GloryOfTheKing/Content/yeguai/yeguai2.uasset" 325
"../../../Engine/Content/EngineSky/C_Sky_Cloud_Color.uasset" 326
"../../../Engine/Content/EngineSky/C_Sky_Horizon_Color.uasset" 327
"../../../Engine/Content/EngineSky/C_Sky_Zenith_Color.uasset" 328
"../../../Engine/Content/EngineSky/T_Sky_Blue.uasset" 329
"../../../Engine/Content/EngineSky/T_Sky_Clouds_M.uasset" 330
"../../../Engine/Content/EngineSky/T_Sky_Stars.uasset" 331
"../../../Engine/Content/EngineSky/M_Sky_Panning_Clouds2.uasset" 332
"../../../Engine/Content/EngineSky/SM_SkySphere.uasset" 333
"../../../Engine/Content/EngineSky/BP_Sky_Sphere.uasset" 334
"D:/CppProject/GloryOfTheKing/Content/StarterContent/Textures/T_Lamp_M.uasset" 335
"D:/CppProject/GloryOfTheKing/Content/StarterContent/Textures/T_Lamp_N.uasset" 336
"D:/CppProject/GloryOfTheKing/Content/StarterContent/Props/Materials/M_Lamp.uasset" 337
"D:/CppProject/GloryOfTheKing/Content/StarterContent/Textures/T_Burst_M.uasset" 338
"D:/CppProject/GloryOfTheKing/Content/StarterContent/Particles/Materials/M_Burst.uasset" 339
"D:/CppProject/GloryOfTheKing/Content/StarterContent/Textures/T_Explosion_SubUV.uasset" 340
"D:/CppProject/GloryOfTheKing/Content/StarterContent/Particles/Materials/M_explosion_subUV.uasset" 341
"D:/CppProject/GloryOfTheKing/Content/StarterContent/Particles/Materials/m_flare_01.uasset" 342
"../../../Engine/Content/Functions/Engine_MaterialFunctions01/Gradient/RadialGradient.uasset" 343
"D:/CppProject/GloryOfTheKing/Content/StarterContent/Particles/Materials/M_radial_ramp.uasset" 344
"D:/CppProject/GloryOfTheKing/Content/StarterContent/Textures/T_Smoke_SubUV.uasset" 345
"D:/CppProject/GloryOfTheKing/Content/StarterContent/Textures/T_Smoke_Tiled_D.uasset" 346
"D:/CppProject/GloryOfTheKing/Content/StarterContent/Particles/Materials/M_smoke_subUV.uasset" 347
"D:/CppProject/GloryOfTheKing/Content/StarterContent/Particles/P_Explosion.uasset" 348
"D:/CppProject/GloryOfTheKing/Content/TopDownCity/Shared/Textures/Houses2.uasset" 349
"D:/CppProject/GloryOfTheKing/Content/TopDownCity/Shared/Textures/Houses2_nmp.uasset" 350
"D:/CppProject/GloryOfTheKing/Content/TopDownCity/Shared/Textures/Houses2Metalness.uasset" 351
"D:/CppProject/GloryOfTheKing/Content/TopDownCity/Shared/Materials/M_Houses2.uasset" 352
"D:/CppProject/GloryOfTheKing/Content/TopDownCity/Houses/Lighthouse.uasset" 353
"D:/CppProject/GloryOfTheKing/Content/TopDownCPP/Blueprints/FinalTower.uasset" 354
"D:/CppProject/GloryOfTheKing/Content/TopDownCity/Shared/Textures/Houses1.uasset" 355
"D:/CppProject/GloryOfTheKing/Content/TopDownCity/Shared/Textures/Houses1_glow.uasset" 356
"D:/CppProject/GloryOfTheKing/Content/TopDownCity/Shared/Textures/Houses1_nmp.uasset" 357
"D:/CppProject/GloryOfTheKing/Content/TopDownCity/Shared/Textures/Houses1Metalness.uasset" 358
"D:/CppProject/GloryOfTheKing/Content/TopDownCity/Shared/Materials/M_Houses1.uasset" 359
"D:/CppProject/GloryOfTheKing/Content/TopDownCPP/Blueprints/GuardTower.uasset" 360
"../../../Engine/Content/BufferVisualization/BaseColor.uasset" 361
"D:/CppProject/GloryOfTheKing/Content/TopDownCPP/Blueprints/RecoveryZone.uasset" 362
"D:/CppProject/GloryOfTheKing/Content/TopDownCPP/Maps/TopDownExampleMap_BuiltData.uasset" 363
"D:/CppProject/GloryOfTheKing/Content/Platformer/Textures/Pl_Patterns_m.uasset" 364
"D:/CppProject/GloryOfTheKing/Content/Platformer/Textures/Pl_plastic_n.uasset" 365
"D:/CppProject/GloryOfTheKing/Content/Platformer/Textures/Pl_plastic_r.uasset" 366
"D:/CppProject/GloryOfTheKing/Content/Platformer/Materials/M_Plastic_Blue_Pattern_Parent.uasset" 367
"D:/CppProject/GloryOfTheKing/Content/StarterContent/Props/Materials/M_MaterialSphere_Plain.uasset" 368
"D:/CppProject/GloryOfTheKing/Content/TopDownCity/Nature/Textures/Ground2.uasset" 369
"D:/CppProject/GloryOfTheKing/Content/TopDownCity/Nature/Textures/Ground2_nmp.uasset" 370
"D:/CppProject/GloryOfTheKing/Content/TopDownCity/Nature/Materials/M_Dirt.uasset" 371
"../../../Engine/Content/Functions/Engine_MaterialFunctions01/WorldPositionOffset/SimpleGrassWind.uasset" 372
"../../../Engine/Content/Functions/Engine_MaterialFunctions02/ExampleContent/Textures/LowResBlurredNoise.uasset" 373
"../../../Engine/Content/Functions/Engine_MaterialFunctions02/ExampleContent/Textures/water_n.uasset" 374
"D:/CppProject/GloryOfTheKing/Content/TopDownCity/Nature/Materials/M_Water_Flow.uasset" 375
"D:/CppProject/GloryOfTheKing/Content/Platformer/Materials/M_Plastic_black_Parent.uasset" 376
"D:/CppProject/GloryOfTheKing/Content/Platformer/Materials/M_Plastic_Orange_Inst.uasset" 377
"D:/CppProject/GloryOfTheKing/Content/Platformer/Materials/M_Plastic_Red_Inst.uasset" 378
"D:/CppProject/GloryOfTheKing/Content/Geometry/Meshes/CubeMaterial.uasset" 379
"D:/CppProject/GloryOfTheKing/Content/Geometry/Meshes/1M_Cube.uasset" 380
"D:/CppProject/GloryOfTheKing/Content/InfinityBladeEffects/Effects/FX_Textures/Ice/T_IceChunks.uasset" 381
"D:/CppProject/GloryOfTheKing/Content/InfinityBladeEffects/Effects/FX_Materials/ICE/M_IceChunksBase.uasset" 382
"D:/CppProject/GloryOfTheKing/Content/InfinityBladeEffects/Effects/FX_Textures/Ice/T_IceShards_E.uasset" 383
"D:/CppProject/GloryOfTheKing/Content/InfinityBladeEffects/Effects/FX_Textures/Ice/T_JaggedRockSnowy_01_D.uasset" 384
"D:/CppProject/GloryOfTheKing/Content/InfinityBladeEffects/Effects/FX_Textures/Ice/T_JaggedRockSnowy_01_N.uasset" 385
"D:/CppProject/GloryOfTheKing/Content/InfinityBladeEffects/Effects/FX_Materials/ICE/M_JaggedRockIce_MeshEmit.uasset" 386
"D:/CppProject/GloryOfTheKing/Content/InfinityBladeEffects/Effects/Masters/M_Trans_Sprite_SubUV_Master_DepthFade.uasset" 387
"D:/CppProject/GloryOfTheKing/Content/InfinityBladeEffects/Effects/FX_Textures/Smoke/T_Smoke_subUV_01.uasset" 388
"D:/CppProject/GloryOfTheKing/Content/InfinityBladeEffects/Effects/FX_Materials/Smoke/M_Smoke_02_Trans_6X6_INST.uasset" 389
"D:/CppProject/GloryOfTheKing/Content/InfinityBladeEffects/Effects/FX_Meshes/ICE/SM_CircleIce.uasset" 390
"D:/CppProject/GloryOfTheKing/Content/InfinityBladeEffects/Effects/FX_Skill_WeaponThrow/P_Skill_Throw_Ice_Field.uasset" 391
"D:/CppProject/GloryOfTheKing/Content/ModularRPGHeroesPolyart/Meshes/OneMeshCharacters/DarkKnightSK.uasset" 392
"D:/CppProject/GloryOfTheKing/Content/ScifiParticlePack/Particles/P_LightColumnOut.uasset" 393
"D:/CppProject/GloryOfTheKing/Content/TopDownCPP/Blueprints/TopDownCharacter_2.uasset" 394
"D:/CppProject/GloryOfTheKing/Content/InfinityBladeEffects/Effects/FX_Ability/Defense/P_Defender_Activate.uasset" 395
"D:/CppProject/GloryOfTheKing/Content/InfinityBladeEffects/Effects/FX_Textures/Gradient/T_Targeting_01.uasset" 396
"D:/CppProject/GloryOfTheKing/Content/InfinityBladeEffects/Effects/FX_Materials/Misc/M_Targeting_Enemy.uasset" 397
"D:/CppProject/GloryOfTheKing/Content/InfinityBladeEffects/Effects/FX_Materials/Noise/M_Shockwave_01_INST.uasset" 398
"D:/CppProject/GloryOfTheKing/Content/InfinityBladeEffects/Effects/FX_Meshes/Skills/SM_Shockwave_01.uasset" 399
"D:/CppProject/GloryOfTheKing/Content/InfinityBladeEffects/Effects/FX_Skill_Aura/P_Aura_Ice_Upheaval_01.uasset" 400
"D:/CppProject/GloryOfTheKing/Content/InfinityBladeEffects/Effects/FX_Textures/Gradient/T_BlastHalf.uasset" 401
"D:/CppProject/GloryOfTheKing/Content/InfinityBladeEffects/Effects/FX_Materials/Gradient/M_Flare_Vertical_01_INST.uasset" 402
"D:/CppProject/GloryOfTheKing/Content/InfinityBladeEffects/Effects/Masters/M_Add_Sprite_2Sided_Master.uasset" 403
"D:/CppProject/GloryOfTheKing/Content/InfinityBladeEffects/Effects/FX_Textures/Gradient/T_SwipeTrail.uasset" 404
"D:/CppProject/GloryOfTheKing/Content/InfinityBladeEffects/Effects/FX_Materials/Trails/M_Swipe_Mesh_Add_2Sided_01_INST.uasset" 405
"D:/CppProject/GloryOfTheKing/Content/InfinityBladeEffects/Effects/FX_Meshes/Skills/SM_FireBlastMesh_Twist_01.uasset" 406
"D:/CppProject/GloryOfTheKing/Content/InfinityBladeEffects/Effects/FX_Meshes/Skills/SM_SwipeTrail_Set_01.uasset" 407
"D:/CppProject/GloryOfTheKing/Content/InfinityBladeEffects/Effects/FX_Skill_Whirlwind/P_Whirlwind_Fire.uasset" 408
"D:/CppProject/GloryOfTheKing/Content/ModularRPGHeroesPolyart/Meshes/OneMeshCharacters/HeavyKnightSK.uasset" 409
"D:/CppProject/GloryOfTheKing/Content/TopDownCPP/Blueprints/TopDownCharacter_3.uasset" 410
"D:/CppProject/GloryOfTheKing/Content/artist/bar_3.uasset" 411
"D:/CppProject/GloryOfTheKing/Content/artist/battle.uasset" 412
"D:/CppProject/GloryOfTheKing/Content/artist/BattleMenu.uasset" 413
"D:/CppProject/GloryOfTheKing/Content/artist/helpBtn.uasset" 414
"D:/CppProject/GloryOfTheKing/Content/artist/Hero_lianpo.uasset" 415
"D:/CppProject/GloryOfTheKing/Content/artist/Hero_yase.uasset" 416
"D:/CppProject/GloryOfTheKing/Content/artist/Home.uasset" 417
"D:/CppProject/GloryOfTheKing/Content/artist/Hore_houyi.uasset" 418
"D:/CppProject/GloryOfTheKing/Content/artist/MainBackground.uasset" 419
"D:/CppProject/GloryOfTheKing/Content/artist/ordinary_button.uasset" 420
"D:/CppProject/GloryOfTheKing/Content/artist/quit.uasset" 421
"D:/CppProject/GloryOfTheKing/Content/artist/quit_highlight.uasset" 422
"D:/CppProject/GloryOfTheKing/Content/artist/setting.uasset" 423
"D:/CppProject/GloryOfTheKing/Content/artist/sword_red.uasset" 424
"D:/CppProject/GloryOfTheKing/Content/artist/sword_yellow.uasset" 425
"D:/CppProject/GloryOfTheKing/Content/artist/tb_6.uasset" 426
"D:/CppProject/GloryOfTheKing/Content/MainSound.uasset" 427
"D:/CppProject/GloryOfTheKing/Content/artist/Attack1.uasset" 428
"D:/CppProject/GloryOfTheKing/Content/artist/Attack2.uasset" 429
"D:/CppProject/GloryOfTheKing/Content/artist/Attack3.uasset" 430
"D:/CppProject/GloryOfTheKing/Content/artist/Attack4.uasset" 431
"D:/CppProject/GloryOfTheKing/Content/artist/Attack5.uasset" 432
"D:/CppProject/GloryOfTheKing/Content/artist/Backplane67.uasset" 433
"D:/CppProject/GloryOfTheKing/Content/artist/btn_A_f0.uasset" 434
"D:/CppProject/GloryOfTheKing/Content/artist/btn_A_i2.uasset" 435
"D:/CppProject/GloryOfTheKing/Content/artist/btn_B_back2.uasset" 436
"D:/CppProject/GloryOfTheKing/Content/artist/btn_function_shop.uasset" 437
"D:/CppProject/GloryOfTheKing/Content/artist/Defense1.uasset" 438
"D:/CppProject/GloryOfTheKing/Content/artist/Defense2.uasset" 439
"D:/CppProject/GloryOfTheKing/Content/artist/Defense3.uasset" 440
"D:/CppProject/GloryOfTheKing/Content/artist/Defense4.uasset" 441
"D:/CppProject/GloryOfTheKing/Content/artist/Defense5.uasset" 442
"D:/CppProject/GloryOfTheKing/Content/artist/Effect1.uasset" 443
"D:/CppProject/GloryOfTheKing/Content/artist/Effect2.uasset" 444
"D:/CppProject/GloryOfTheKing/Content/artist/Effect3.uasset" 445
"D:/CppProject/GloryOfTheKing/Content/artist/icn_guanzhi_wang.uasset" 446
"D:/CppProject/GloryOfTheKing/Content/artist/Magic1.uasset" 447
"D:/CppProject/GloryOfTheKing/Content/artist/Magic2.uasset" 448
"D:/CppProject/GloryOfTheKing/Content/artist/Magic3.uasset" 449
"D:/CppProject/GloryOfTheKing/Content/artist/Magic4.uasset" 450
"D:/CppProject/GloryOfTheKing/Content/artist/Magic5.uasset" 451
"D:/CppProject/GloryOfTheKing/Content/artist/Quit_back.uasset" 452
"D:/CppProject/GloryOfTheKing/Content/artist/result.uasset" 453
"D:/CppProject/GloryOfTheKing/Content/artist/Speed1.uasset" 454
"D:/CppProject/GloryOfTheKing/Content/artist/Speed2.uasset" 455
"D:/CppProject/GloryOfTheKing/Content/artist/Speed3.uasset" 456
"D:/CppProject/GloryOfTheKing/Content/artist/Speed4.uasset" 457
"D:/CppProject/GloryOfTheKing/Content/artist/Speed5.uasset" 458
"D:/CppProject/GloryOfTheKing/Content/artist/win.uasset" 459
"D:/CppProject/GloryOfTheKing/Content/TopDownCPP/Blueprints/I_Money.uasset" 460
"D:/CppProject/GloryOfTheKing/Content/TopDownCPP/Blueprints/BP_HUD.uasset" 461
"D:/CppProject/GloryOfTheKing/Content/MainMenu.uasset" 462
"D:/CppProject/GloryOfTheKing/Content/TopDownCity/Nature/Textures/Grass1.uasset" 463
"D:/CppProject/GloryOfTheKing/Content/TopDownCity/Nature/Materials/Grass1_Mat.uasset" 464
"D:/CppProject/GloryOfTheKing/Content/TopDownCity/Nature/GrassPatch.uasset" 465
"D:/CppProject/GloryOfTheKing/Content/TopDownCity/Nature/Textures/Rocks.uasset" 466
"D:/CppProject/GloryOfTheKing/Content/TopDownCity/Nature/Textures/Rocks_N.uasset" 467
"D:/CppProject/GloryOfTheKing/Content/TopDownCity/Nature/Materials/M_Rocks.uasset" 468
"D:/CppProject/GloryOfTheKing/Content/TopDownCity/Nature/Rock4.uasset" 469
"D:/CppProject/GloryOfTheKing/Content/TopDownCity/Nature/Rock5.uasset" 470
"D:/CppProject/GloryOfTheKing/Content/TopDownCity/Nature/Rock6.uasset" 471
"D:/CppProject/GloryOfTheKing/Content/TopDownCity/Nature/Rock7.uasset" 472
"D:/CppProject/GloryOfTheKing/Content/TopDownCity/Nature/Textures/Nature_atlas.uasset" 473
"D:/CppProject/GloryOfTheKing/Content/TopDownCity/Nature/Textures/Nature_atlas_nmp.uasset" 474
"D:/CppProject/GloryOfTheKing/Content/TopDownCity/Nature/Materials/M_Nature_Atlas.uasset" 475
"D:/CppProject/GloryOfTheKing/Content/TopDownCity/Nature/Materials/M_TreeTrunk.uasset" 476
"D:/CppProject/GloryOfTheKing/Content/TopDownCity/Nature/Tree2.uasset" 477
"D:/CppProject/GloryOfTheKing/Content/TopDownCity/Walls/Wall1_el2.uasset" 478
"D:/CppProject/GloryOfTheKing/Content/TopDownCPP/Maps/TopDownExampleMap.umap" 479
"../../../Engine/Content/Maps/Entry_BuiltData.uasset" 480
"../../../Engine/Content/Maps/Entry.umap" 481
